0 info it worked if it ends with ok
1 verbose cli [ '/usr/bin/node',
1 verbose cli   '/usr/bin/npm',
1 verbose cli   'run-script',
1 verbose cli   'browserize',
1 verbose cli   'index.js' ]
2 info using npm@3.5.2
3 info using node@v8.10.0
4 verbose run-script [ 'prebrowserize', 'browserize', 'postbrowserize' ]
5 info lifecycle aws-iot-device-sdk@2.2.1~prebrowserize: aws-iot-device-sdk@2.2.1
6 silly lifecycle aws-iot-device-sdk@2.2.1~prebrowserize: no script for prebrowserize, continuing
7 info lifecycle aws-iot-device-sdk@2.2.1~browserize: aws-iot-device-sdk@2.2.1
8 verbose lifecycle aws-iot-device-sdk@2.2.1~browserize: unsafe-perm in lifecycle true
9 verbose lifecycle aws-iot-device-sdk@2.2.1~browserize: PATH: /usr/share/npm/bin/node-gyp-bin:/home/nikhil/node/node_modules/aws-iot-device-sdk/node_modules/.bin:/home/nikhil/node/node_modules/.bin:/usr/local/sbin:/usr/local/bin:/usr/sbin:/usr/bin:/sbin:/bin:/snap/bin
10 verbose lifecycle aws-iot-device-sdk@2.2.1~browserize: CWD: /home/nikhil/node/node_modules/aws-iot-device-sdk
11 silly lifecycle aws-iot-device-sdk@2.2.1~browserize: Args: [ '-c', './scripts/browserize.sh "index.js"' ]
12 silly lifecycle aws-iot-device-sdk@2.2.1~browserize: Returned: code: 1  signal: null
13 info lifecycle aws-iot-device-sdk@2.2.1~browserize: Failed to exec browserize script
14 verbose stack Error: aws-iot-device-sdk@2.2.1 browserize: `./scripts/browserize.sh "index.js"`
14 verbose stack Exit status 1
14 verbose stack     at EventEmitter.<anonymous> (/usr/share/npm/lib/utils/lifecycle.js:232:16)
14 verbose stack     at emitTwo (events.js:126:13)
14 verbose stack     at EventEmitter.emit (events.js:214:7)
14 verbose stack     at ChildProcess.<anonymous> (/usr/share/npm/lib/utils/spawn.js:24:14)
14 verbose stack     at emitTwo (events.js:126:13)
14 verbose stack     at ChildProcess.emit (events.js:214:7)
14 verbose stack     at maybeClose (internal/child_process.js:925:16)
14 verbose stack     at Process.ChildProcess._handle.onexit (internal/child_process.js:209:5)
15 verbose pkgid aws-iot-device-sdk@2.2.1
16 verbose cwd /home/nikhil/node/node_modules/aws-iot-device-sdk/examples/browser/mqtt-explorer
17 error Linux 4.15.0-50-generic
18 error argv "/usr/bin/node" "/usr/bin/npm" "run-script" "browserize" "index.js"
19 error node v8.10.0
20 error npm  v3.5.2
21 error code ELIFECYCLE
22 error aws-iot-device-sdk@2.2.1 browserize: `./scripts/browserize.sh "index.js"`
22 error Exit status 1
23 error Failed at the aws-iot-device-sdk@2.2.1 browserize script './scripts/browserize.sh "index.js"'.
23 error Make sure you have the latest version of node.js and npm installed.
23 error If you do, this is most likely a problem with the aws-iot-device-sdk package,
23 error not with npm itself.
23 error Tell the author that this fails on your system:
23 error     ./scripts/browserize.sh "index.js"
23 error You can get information on how to open an issue for this project with:
23 error     npm bugs aws-iot-device-sdk
23 error Or if that isn't available, you can get their info via:
23 error     npm owner ls aws-iot-device-sdk
23 error There is likely additional logging output above.
24 verbose exit [ 1, true ]
